\BOOKMARK [0][-]{chapter.1}{Introduction}{}% 1
\BOOKMARK [0][-]{chapter.2}{Literature overview}{}% 2
\BOOKMARK [1][-]{section.2.1}{Markov decision theory}{chapter.2}% 3
\BOOKMARK [1][-]{section.2.2}{}{chapter.2}% 4
\BOOKMARK [2][-]{subsection.2.1.1}{}{section.2.2}% 5
\BOOKMARK [0][-]{chapter.3}{Age-based maintenance}{}% 6
\BOOKMARK [1][-]{section.3.1}{Problem formulation and definition}{chapter.3}% 7
\BOOKMARK [2][-]{subsection.3.1.1}{Degradation model}{section.3.1}% 8
\BOOKMARK [2][-]{subsection.3.1.2}{Control actions}{section.3.1}% 9
\BOOKMARK [2][-]{subsection.3.1.3}{State evolution}{section.3.1}% 10
\BOOKMARK [2][-]{subsection.3.1.4}{Costs and discounting}{section.3.1}% 11
\BOOKMARK [2][-]{subsection.3.1.5}{Optimal stationary policy and the Bellman equations}{section.3.1}% 12
\BOOKMARK [2][-]{subsection.3.1.6}{Continuous-time MDP}{section.3.1}% 13
\BOOKMARK [2][-]{subsection.3.1.7}{Alternative models}{section.3.1}% 14
\BOOKMARK [1][-]{section.3.2}{Structure of optimal policy}{chapter.3}% 15
\BOOKMARK [2][-]{subsection.3.2.1}{Stationary policy}{section.3.2}% 16
\BOOKMARK [2][-]{subsection.3.2.2}{Control limit}{section.3.2}% 17
\BOOKMARK [1][-]{section.3.3}{Computation of total discounted cost}{chapter.3}% 18
\BOOKMARK [1][-]{section.3.4}{Analysis of the optimal policy}{chapter.3}% 19
\BOOKMARK [1][-]{section.3.5}{Policy iteration}{chapter.3}% 20
\BOOKMARK [2][-]{subsection.3.5.1}{Description of iteration method}{section.3.5}% 21
\BOOKMARK [2][-]{subsection.3.5.2}{Proof of convergence}{section.3.5}% 22
\BOOKMARK [1][-]{section.3.6}{Structural properties}{chapter.3}% 23
\BOOKMARK [2][-]{subsection.3.6.1}{Effect on control limit}{section.3.6}% 24
\BOOKMARK [2][-]{subsection.3.6.2}{Effect on expected total discounted cost}{section.3.6}% 25
\BOOKMARK [0][-]{chapter.4}{Simple fluid model with jumps}{}% 26
\BOOKMARK [1][-]{section.4.1}{Problem formulation and definition}{chapter.4}% 27
\BOOKMARK [2][-]{subsection.4.1.1}{Stochastic asset degradation}{section.4.1}% 28
\BOOKMARK [2][-]{subsection.4.1.2}{Control actions}{section.4.1}% 29
\BOOKMARK [2][-]{subsection.4.1.3}{State evolution}{section.4.1}% 30
\BOOKMARK [2][-]{subsection.4.1.4}{Costs and discounting}{section.4.1}% 31
\BOOKMARK [2][-]{subsection.4.1.5}{Optimal policy and Bellman equations}{section.4.1}% 32
\BOOKMARK [2][-]{subsection.4.1.6}{Alternative models}{section.4.1}% 33
\BOOKMARK [1][-]{section.4.2}{Structure of optimal policy}{chapter.4}% 34
\BOOKMARK [2][-]{subsection.4.2.1}{Stationary policy}{section.4.2}% 35
\BOOKMARK [2][-]{subsection.4.2.2}{Empty buffer}{section.4.2}% 36
\BOOKMARK [2][-]{subsection.4.2.3}{Control limit}{section.4.2}% 37
\BOOKMARK [1][-]{section.4.3}{Computation of total discounted cost}{chapter.4}% 38
\BOOKMARK [2][-]{subsection.4.3.1}{Time until control limit}{section.4.3}% 39
\BOOKMARK [1][-]{section.4.4}{}{chapter.4}% 40
\BOOKMARK [1][-]{section.4.4}{Optimal policy}{chapter.4}% 41
\BOOKMARK [1][-]{section.4.5}{Structural properties}{chapter.4}% 42
\BOOKMARK [0][-]{chapter.5}{Markov Modulated Fluid Model with jumps}{}% 43
\BOOKMARK [1][-]{section.5.1}{Problem formulation and definition}{chapter.5}% 44
\BOOKMARK [2][-]{subsection.5.1.1}{Stochastic asset degradation}{section.5.1}% 45
\BOOKMARK [2][-]{subsection.5.1.2}{Control actions}{section.5.1}% 46
\BOOKMARK [2][-]{subsection.5.1.3}{State evolution}{section.5.1}% 47
\BOOKMARK [2][-]{subsection.5.1.4}{Costs and discounting}{section.5.1}% 48
\BOOKMARK [2][-]{subsection.5.1.5}{Optimal policy and Bellman equations}{section.5.1}% 49
\BOOKMARK [2][-]{subsection.5.1.6}{Continuous-time MDP}{section.5.1}% 50
\BOOKMARK [2][-]{subsection.5.1.7}{Alternative models}{section.5.1}% 51
\BOOKMARK [2][-]{subsection.5.1.8}{Transitions in a semi-Markov process}{section.5.1}% 52
\BOOKMARK [1][-]{section.5.2}{Structure of optimal policy}{chapter.5}% 53
\BOOKMARK [2][-]{subsection.5.2.1}{Stationary policy}{section.5.2}% 54
\BOOKMARK [2][-]{subsection.5.2.2}{Empty buffer}{section.5.2}% 55
\BOOKMARK [2][-]{subsection.5.2.3}{Control limit}{section.5.2}% 56
\BOOKMARK [1][-]{section.5.3}{Computation of total discounted cost}{chapter.5}% 57
\BOOKMARK [2][-]{subsection.5.3.1}{Preventive maintenance is chosen}{section.5.3}% 58
\BOOKMARK [1][-]{section.5.4}{Computation of discounted probabilities}{chapter.5}% 59
\BOOKMARK [2][-]{subsection.5.4.1}{Disregarding failures and policies}{section.5.4}% 60
\BOOKMARK [2][-]{subsection.5.4.2}{Taking policies into account}{section.5.4}% 61
\BOOKMARK [1][-]{section.5.5}{The optimal policy}{chapter.5}% 62
\BOOKMARK [1][-]{section.5.6}{Structural properties}{chapter.5}% 63
\BOOKMARK [1][-]{section.5.7}{Heuristic policies}{chapter.5}% 64
\BOOKMARK [2][-]{subsection.5.7.1}{Uniform control limit}{section.5.7}% 65
\BOOKMARK [2][-]{subsection.5.7.2}{Assuming no jumps before the next failure}{section.5.7}% 66
\BOOKMARK [1][-]{section.5.8}{Computing the optimal control limits}{chapter.5}% 67
\BOOKMARK [0][-]{chapter.6}{Data analysis}{}% 68
\BOOKMARK [1][-]{section.6.1}{Data description}{chapter.6}% 69
\BOOKMARK [2][-]{subsection.6.1.1}{Data format}{section.6.1}% 70
\BOOKMARK [2][-]{subsection.6.1.2}{Cleaning}{section.6.1}% 71
\BOOKMARK [2][-]{subsection.6.1.3}{Visualization}{section.6.1}% 72
\BOOKMARK [1][-]{section.6.2}{Fitting lifetime distributions}{chapter.6}% 73
\BOOKMARK [2][-]{subsection.6.2.1}{Phase-type}{section.6.2}% 74
\BOOKMARK [1][-]{section.6.3}{Transition times}{chapter.6}% 75
\BOOKMARK [0][-]{chapter.7}{Parameter estimation}{}% 76
\BOOKMARK [1][-]{section.7.1}{CTMC Estimation}{chapter.7}% 77
\BOOKMARK [1][-]{section.7.2}{Estimating fluid rates and jump quantities}{chapter.7}% 78
\BOOKMARK [2][-]{subsection.7.2.1}{Likelihood}{section.7.2}% 79
\BOOKMARK [2][-]{subsection.7.2.2}{Maximizing likelihood}{section.7.2}% 80
\BOOKMARK [2][-]{subsection.7.2.3}{Minimizing variance}{section.7.2}% 81
\BOOKMARK [2][-]{subsection.7.2.4}{Results}{section.7.2}% 82
\BOOKMARK [0][-]{chapter.8}{Conclusion}{}% 83
\BOOKMARK [1][-]{section.8.1}{Further research}{chapter.8}% 84
\BOOKMARK [0][-]{chapter.9}{Discussion}{}% 85
\BOOKMARK [1][-]{section.9.1}{Assumptions}{chapter.9}% 86
\BOOKMARK [1][-]{section.9.2}{}{chapter.9}% 87
\BOOKMARK [1][-]{section.9.2}{Robustness}{chapter.9}% 88
\BOOKMARK [0][-]{section*.17}{Appendices}{}% 89
\BOOKMARK [0][-]{Appendix.a.A}{List of symbols and notation}{}% 90
\BOOKMARK [0][-]{Appendix.a.B}{Proof of properties of optimal age-based control limits}{}% 91
\BOOKMARK [0][-]{Appendix.a.C}{Total discounted costs for various problem parameters and policies?}{}% 92
\BOOKMARK [1][-]{section.a.C.1}{Age-based problem}{Appendix.a.C}% 93
\BOOKMARK [1][-]{section.a.C.2}{}{Appendix.a.C}% 94
\BOOKMARK [0][-]{Appendix.a.D}{}{}% 95
\BOOKMARK [1][-]{section.a.C.1}{Simple fluid problem}{Appendix.a.D}% 96
\BOOKMARK [1][-]{section.a.C.2}{Markov Modulated fluid model}{Appendix.a.D}% 97
\BOOKMARK [2][-]{subsection.a.C.2.1}{MMFM 2}{section.a.C.2}% 98
\BOOKMARK [0][-]{Appendix.a.D}{Matlab routines}{}% 99
